#
# A fatal error has been detected by the Java Runtime Environment:
#
#  SIGSEGV (0xb) at pc=0x0000000103568f7e, pid=50405, tid=775
#
# JRE version: Java(TM) SE Runtime Environment (8.0_73-b02) (build 1.8.0_73-b02)
# Java VM: Java HotSpot(TM) 64-Bit Server VM (25.73-b02 mixed mode bsd-amd64 compressed oops)
# Problematic frame:
# V  [libjvm.dylib+0x168f7e]
#
# Failed to write core dump. Core dumps have been disabled. To enable core dumping, try "ulimit -c unlimited" before starting Java again
#
# If you would like to submit a bug report, please visit:
#   http://bugreport.java.com/bugreport/crash.jsp
#

---------------  T H R E A D  ---------------

Current thread is native thread

siginfo: si_signo: 11 (SIGSEGV), si_code: 1 (SEGV_MAPERR), si_addr: 0x0000000000000270

Registers:
RAX=0x0000000000000000, RBX=0x0000000000000000, RCX=0x00000001037115e7, RDX=0x00007f978b1469f8
RSP=0x00007fff5d292e50, RBP=0x00007fff5d292e60, RSI=0x0000000000000006, RDI=0x00007fff5d292ea0
R8 =0x0000000000000000, R9 =0x0000000000000302, R10=0x0000000119ca9e90, R11=0x00007f978cd9be60
R12=0x00007f978b1469f8, R13=0x00007f978cc12890, R14=0x00007f978b1469f8, R15=0x0000000000000000
RIP=0x0000000103568f7e, EFLAGS=0x0000000000010246, ERR=0x0000000000000006
  TRAPNO=0x000000000000000e

Top of Stack: (sp=0x00007fff5d292e50)
0x00007fff5d292e50:   00007f978cc1aed8 00007f978b1469f8
0x00007fff5d292e60:   00007fff5d292ec0 0000000103711617
0x00007fff5d292e70:   0dc3e143446e00a5 00007f978f100f00
0x00007fff5d292e80:   00007f978b443a00 00007f978a6a7960
0x00007fff5d292e90:   00007fff5d292ec0 000000012105d6e9
0x00007fff5d292ea0:   0000000000000000 00007f978cd7b7b0
0x00007fff5d292eb0:   00007f978b443a00 00007f978a6a7960
0x00007fff5d292ec0:   00007fff5d292f20 00000001291cca3b
0x00007fff5d292ed0:   0dc3e143446e00a5 0000000000000000
0x00007fff5d292ee0:   40f972e716ecc0c5 0000000000000000
0x00007fff5d292ef0:   00007fff5d292f20 00007f978a6a7960
0x00007fff5d292f00:   00007f978f100f00 00007f978cc12890
0x00007fff5d292f10:   00007f978a6a7960 00007fffb71b2b40
0x00007fff5d292f20:   00007fff5d292fa0 00007fffa837a211
0x00007fff5d292f30:   00007f978b2c0400 0000000000000000
0x00007fff5d292f40:   0000024c5d292f80 00007f978b443a00
0x00007fff5d292f50:   0000000000000000 0000000000000000
0x00007fff5d292f60:   0000000400000000 40f972e716ecc0c5
0x00007fff5d292f70:   00007fff5d292fa0 00007f978a6a7960
0x00007fff5d292f80:   0000000000000004 0000000000000000
0x00007fff5d292f90:   00007fffb71b2b40 00007fffa0c9ae11
0x00007fff5d292fa0:   00007fff5d293010 00007fffa8379d8f
0x00007fff5d292fb0:   4000000000000000 4078100000000000
0x00007fff5d292fc0:   4072600000000000 0000000000000000
0x00007fff5d292fd0:   0000000000000000 4078100000000000
0x00007fff5d292fe0:   4072600000000000 00007fff5d2930e0
0x00007fff5d292ff0:   00007f978f0007c8 0000000000000000
0x00007fff5d293000:   00007fffa0ca3aa3 00007f978b2c0400
0x00007fff5d293010:   00007fff5d2940e0 00007fffa838cf6e
0x00007fff5d293020:   00007fff5d2940e0 00007fffa838ce44
0x00007fff5d293030:   00007f978f0007c8 00007f978f0007c8
0x00007fff5d293040:   00007f978f000720 00007f978b2c0400 

Instructions: (pc=0x0000000103568f7e)
0x0000000103568f5e:   0e 48 8b 0b 49 8b 56 18 48 63 c0 48 89 0c c2 5b
0x0000000103568f6e:   41 5e 5d c3 90 90 55 48 89 e5 41 56 53 48 8b 1f
0x0000000103568f7e:   c7 83 70 02 00 00 05 00 00 00 48 8d 05 a9 a4 77
0x0000000103568f8e:   00 8b 00 83 f8 01 41 89 f6 75 0c 48 8d 0d e6 0b 

Register to memory mapping:

RAX=0x0000000000000000 is an unknown value
RBX=0x0000000000000000 is an unknown value
RCX=0x00000001037115e7: jni_NewLocalRef+0 in /Library/Java/JavaVirtualMachines/jdk1.8.0_73.jdk/Contents/Home/jre/lib/server/libjvm.dylib at 0x0000000103400000
RDX=0x00007f978b1469f8 is an unknown value
RSP=0x00007fff5d292e50 is an unknown value
RBP=0x00007fff5d292e60 is an unknown value
RSI=0x0000000000000006 is an unknown value
RDI=0x00007fff5d292ea0 is an unknown value
R8 =0x0000000000000000 is an unknown value
R9 =0x0000000000000302 is an unknown value
R10=0x0000000119ca9e90: OBJC_CLASS_$_JNFJObjectWrapper+0 in /System/Library/Frameworks/JavaVM.framework/Versions/A/Frameworks/JavaNativeFoundation.framework/Versions/A/JavaNativeFoundation at 0x0000000119c9f000
R11=0x00007f978cd9be60 is an unknown value
R12=0x00007f978b1469f8 is an unknown value
R13=0x00007f978cc12890 is an unknown value
R14=0x00007f978b1469f8 is an unknown value
R15=0x0000000000000000 is an unknown value


Stack: [0x00007fff5ca97000,0x00007fff5d297000],  sp=0x00007fff5d292e50,  free space=8175k
Native frames: (J=compiled Java code, j=interpreted, Vv=VM code, C=native code)
V  [libjvm.dylib+0x168f7e]
V  [libjvm.dylib+0x311617]
C  [libawt_lwawt.dylib+0x19a3b]  -[CGLLayer drawInCGLContext:pixelFormat:forLayerTime:displayTime:]+0xee
C  [QuartzCore+0x111211]  _ZL17CAOpenGLLayerDrawP13CAOpenGLLayerdPK11CVTimeStampj+0x369
C  [QuartzCore+0x110d8f]  -[CAOpenGLLayer _display]+0x15f
C  [QuartzCore+0x123f6e]  _ZN2CA5Layer17display_if_neededEPNS_11TransactionE+0x23c
C  [QuartzCore+0x124099]  _ZN2CA5Layer28layout_and_display_if_neededEPNS_11TransactionE+0x23
C  [QuartzCore+0x119878]  _ZN2CA7Context18commit_transactionEPNS_11TransactionE+0x118
C  [QuartzCore+0x10631]  _ZN2CA11Transaction6commitEv+0x1db
C  [QuartzCore+0x10f92]  _ZN2CA11Transaction17observer_callbackEP19__CFRunLoopObservermPv+0x6c
C  [CoreFoundation+0xa7397]  __CFRUNLOOP_IS_CALLING_OUT_TO_AN_OBSERVER_CALLBACK_FUNCTION__+0x17
C  [CoreFoundation+0xa7307]  __CFRunLoopDoObservers+0x187
C  [CoreFoundation+0x8808e]  __CFRunLoopRun+0x4be
C  [CoreFoundation+0x87974]  CFRunLoopRunSpecific+0x1a4
C  [java+0x6463]  CreateExecutionEnvironment+0x367
C  [java+0x21ac]  JLI_Launch+0x7a0
C  [java+0x84c0]  main+0x65
C  [java+0x1a04]  start+0x34


---------------  P R O C E S S  ---------------

VM state:not at safepoint (normal execution)

VM Mutex/Monitor currently owned by a thread: None

Heap:
 PSYoungGen      total 38400K, used 8541K [0x0000000795580000, 0x000000079a080000, 0x00000007c0000000)
  eden space 33280K, 25% used [0x0000000795580000,0x0000000795dd7560,0x0000000797600000)
  from space 5120K, 0% used [0x0000000797600000,0x0000000797600000,0x0000000797b00000)
  to   space 5120K, 0% used [0x0000000799b80000,0x0000000799b80000,0x000000079a080000)
 ParOldGen       total 96768K, used 30333K [0x0000000740000000, 0x0000000745e80000, 0x0000000795580000)
  object space 96768K, 31% used [0x0000000740000000,0x0000000741d9f508,0x0000000745e80000)
 Metaspace       used 25650K, capacity 26672K, committed 27008K, reserved 1073152K
  class space    used 3610K, capacity 3844K, committed 3968K, reserved 1048576K

Card table byte_map: [0x000000010474d000,0x0000000104b4e000] byte_map_base: 0x0000000100d4d000

Marking Bits: (ParMarkBitMap*) 0x0000000103ce3ea0
 Begin Bits: [0x0000000104df9000, 0x0000000106df9000)
 End Bits:   [0x0000000106df9000, 0x0000000108df9000)

Polling page: 0x0000000102b14000

CodeCache: size=245760Kb used=9698Kb max_used=9698Kb free=236061Kb
 bounds [0x0000000109b21000, 0x000000010a4a1000, 0x0000000118b21000]
 total_blobs=4044 nmethods=3200 adapters=757
 compilation: enabled

Compilation events (10 events):
Event: 18.027 Thread 0x00007f978a83d000 nmethod 3212 0x000000010a491b90 code [0x000000010a491ce0, 0x000000010a491e30]
Event: 18.027 Thread 0x00007f978a83d000 3214       3       java.lang.Byte::hashCode (8 bytes)
Event: 18.027 Thread 0x00007f978a83d000 nmethod 3214 0x000000010a4917d0 code [0x000000010a491940, 0x000000010a491af0]
Event: 18.027 Thread 0x00007f978a83d000 3215       3       java.lang.Byte::hashCode (2 bytes)
Event: 18.027 Thread 0x00007f978a83d000 nmethod 3215 0x000000010a4914d0 code [0x000000010a491620, 0x000000010a491750]
Event: 18.053 Thread 0x00007f978a83d000 3217       3       javax.swing.plaf.synth.SynthLookAndFeel::getSelectedUI (13 bytes)
Event: 18.053 Thread 0x00007f978a83d000 nmethod 3217 0x000000010a494150 code [0x000000010a4942e0, 0x000000010a4945f8]
Event: 18.055 Thread 0x00007f978a83d000 3218       3       sun.java2d.SunGraphics2D::validateBasicStroke (332 bytes)
Event: 18.058 Thread 0x00007f978a83d000 nmethod 3218 0x000000010a4946d0 code [0x000000010a4949e0, 0x000000010a495dc8]
Event: 18.058 Thread 0x00007f978a83d000 3224   !   3       sun.invoke.util.VerifyAccess::isTypeVisible (101 bytes)

GC Heap History (8 events):
Event: 3.138 GC heap before
{Heap before GC invocations=1 (full 0):
 PSYoungGen      total 38400K, used 33037K [0x0000000795580000, 0x0000000798000000, 0x00000007c0000000)
  eden space 33280K, 99% used [0x0000000795580000,0x00000007975c34d8,0x0000000797600000)
  from space 5120K, 0% used [0x0000000797b00000,0x0000000797b00000,0x0000000798000000)
  to   space 5120K, 0% used [0x0000000797600000,0x0000000797600000,0x0000000797b00000)
 ParOldGen       total 87552K, used 0K [0x0000000740000000, 0x0000000745580000, 0x0000000795580000)
  object space 87552K, 0% used [0x0000000740000000,0x0000000740000000,0x0000000745580000)
 Metaspace       used 11089K, capacity 11504K, committed 11648K, reserved 1058816K
  class space    used 1449K, capacity 1572K, committed 1664K, reserved 1048576K
Event: 3.167 GC heap after
Heap after GC invocations=1 (full 0):
 PSYoungGen      total 38400K, used 5088K [0x0000000795580000, 0x0000000798000000, 0x00000007c0000000)
  eden space 33280K, 0% used [0x0000000795580000,0x0000000795580000,0x0000000797600000)
  from space 5120K, 99% used [0x0000000797600000,0x0000000797af8070,0x0000000797b00000)
  to   space 5120K, 0% used [0x0000000797b00000,0x0000000797b00000,0x0000000798000000)
 ParOldGen       total 87552K, used 5047K [0x0000000740000000, 0x0000000745580000, 0x0000000795580000)
  object space 87552K, 5% used [0x0000000740000000,0x00000007404edf60,0x0000000745580000)
 Metaspace       used 11089K, capacity 11504K, committed 11648K, reserved 1058816K
  class space    used 1449K, capacity 1572K, committed 1664K, reserved 1048576K
}
Event: 4.338 GC heap before
{Heap before GC invocations=2 (full 0):
 PSYoungGen      total 38400K, used 38368K [0x0000000795580000, 0x0000000798000000, 0x00000007c0000000)
  eden space 33280K, 100% used [0x0000000795580000,0x0000000797600000,0x0000000797600000)
  from space 5120K, 99% used [0x0000000797600000,0x0000000797af8070,0x0000000797b00000)
  to   space 5120K, 0% used [0x0000000797b00000,0x0000000797b00000,0x0000000798000000)
 ParOldGen       total 87552K, used 5047K [0x0000000740000000, 0x0000000745580000, 0x0000000795580000)
  object space 87552K, 5% used [0x0000000740000000,0x00000007404edf60,0x0000000745580000)
 Metaspace       used 15956K, capacity 16584K, committed 16640K, reserved 1062912K
  class space    used 2330K, capacity 2512K, committed 2560K, reserved 1048576K
Event: 4.367 GC heap after
Heap after GC invocations=2 (full 0):
 PSYoungGen      total 38400K, used 5088K [0x0000000795580000, 0x000000079a080000, 0x00000007c0000000)
  eden space 33280K, 0% used [0x0000000795580000,0x0000000795580000,0x0000000797600000)
  from space 5120K, 99% used [0x0000000797b00000,0x0000000797ff8060,0x0000000798000000)
  to   space 5120K, 0% used [0x0000000797600000,0x0000000797600000,0x0000000797b00000)
 ParOldGen       total 87552K, used 20729K [0x0000000740000000, 0x0000000745580000, 0x0000000795580000)
  object space 87552K, 23% used [0x0000000740000000,0x000000074143e7e0,0x0000000745580000)
 Metaspace       used 15956K, capacity 16584K, committed 16640K, reserved 1062912K
  class space    used 2330K, capacity 2512K, committed 2560K, reserved 1048576K
}
Event: 6.767 GC heap before
{Heap before GC invocations=3 (full 0):
 PSYoungGen      total 38400K, used 18339K [0x0000000795580000, 0x000000079a080000, 0x00000007c0000000)
  eden space 33280K, 39% used [0x0000000795580000,0x0000000796270ed8,0x0000000797600000)
  from space 5120K, 99% used [0x0000000797b00000,0x0000000797ff8060,0x0000000798000000)
  to   space 5120K, 0% used [0x0000000797600000,0x0000000797600000,0x0000000797b00000)
 ParOldGen       total 87552K, used 20729K [0x0000000740000000, 0x0000000745580000, 0x0000000795580000)
  object space 87552K, 23% used [0x0000000740000000,0x000000074143e7e0,0x0000000745580000)
 Metaspace       used 20185K, capacity 21088K, committed 21296K, reserved 1067008K
  class space    used 2852K, capacity 3084K, committed 3200K, reserved 1048576K
Event: 6.775 GC heap after
Heap after GC invocations=3 (full 0):
 PSYoungGen      total 38400K, used 5100K [0x0000000795580000, 0x000000079a080000, 0x00000007c0000000)
  eden space 33280K, 0% used [0x0000000795580000,0x0000000795580000,0x0000000797600000)
  from space 5120K, 99% used [0x0000000797600000,0x0000000797afb030,0x0000000797b00000)
  to   space 5120K, 0% used [0x0000000799b80000,0x0000000799b80000,0x000000079a080000)
 ParOldGen       total 87552K, used 25750K [0x0000000740000000, 0x0000000745580000, 0x0000000795580000)
  object space 87552K, 29% used [0x0000000740000000,0x0000000741925908,0x0000000745580000)
 Metaspace       used 20185K, capacity 21088K, committed 21296K, reserved 1067008K
  class space    used 2852K, capacity 3084K, committed 3200K, reserved 1048576K
}
Event: 6.775 GC heap before
{Heap before GC invocations=4 (full 1):
 PSYoungGen      total 38400K, used 5100K [0x0000000795580000, 0x000000079a080000, 0x00000007c0000000)
  eden space 33280K, 0% used [0x0000000795580000,0x0000000795580000,0x0000000797600000)
  from space 5120K, 99% used [0x0000000797600000,0x0000000797afb030,0x0000000797b00000)
  to   space 5120K, 0% used [0x0000000799b80000,0x0000000799b80000,0x000000079a080000)
 ParOldGen       total 87552K, used 25750K [0x0000000740000000, 0x0000000745580000, 0x0000000795580000)
  object space 87552K, 29% used [0x0000000740000000,0x0000000741925908,0x0000000745580000)
 Metaspace       used 20185K, capacity 21088K, committed 21296K, reserved 1067008K
  class space    used 2852K, capacity 3084K, committed 3200K, reserved 1048576K
Event: 6.843 GC heap after
Heap after GC invocations=4 (full 1):
 PSYoungGen      total 38400K, used 0K [0x0000000795580000, 0x000000079a080000, 0x00000007c0000000)
  eden space 33280K, 0% used [0x0000000795580000,0x0000000795580000,0x0000000797600000)
  from space 5120K, 0% used [0x0000000797600000,0x0000000797600000,0x0000000797b00000)
  to   space 5120K, 0% used [0x0000000799b80000,0x0000000799b80000,0x000000079a080000)
 ParOldGen       total 96768K, used 30333K [0x0000000740000000, 0x0000000745e80000, 0x0000000795580000)
  object space 96768K, 31% used [0x0000000740000000,0x0000000741d9f508,0x0000000745e80000)
 Metaspace       used 20185K, capacity 21088K, committed 21296K, reserved 1067008K
  class space    used 2852K, capacity 3084K, committed 3200K, reserved 1048576K
}

Deoptimization events (10 events):
Event: 6.979 Thread 0x00007f978b146800 Uncommon trap: reason=unstable_if action=reinterpret pc=0x0000000109e644b4 method=java.lang.String.lastIndexOf([CII[CIII)I @ 118
Event: 6.979 Thread 0x00007f978b146800 Uncommon trap: reason=unstable_if action=reinterpret pc=0x0000000109e61160 method=java.lang.String.lastIndexOf([CII[CIII)I @ 118
Event: 7.000 Thread 0x00007f978b146800 Uncommon trap: reason=bimorphic action=maybe_recompile pc=0x0000000109e773c8 method=java.util.HashMap.putVal(ILjava/lang/Object;Ljava/lang/Object;ZZ)Ljava/lang/Object; @ 203
Event: 7.000 Thread 0x00007f978b146800 Uncommon trap: reason=bimorphic action=maybe_recompile pc=0x0000000109e773c8 method=java.util.HashMap.putVal(ILjava/lang/Object;Ljava/lang/Object;ZZ)Ljava/lang/Object; @ 203
Event: 7.000 Thread 0x00007f978b146800 Uncommon trap: reason=bimorphic action=maybe_recompile pc=0x0000000109e773c8 method=java.util.HashMap.putVal(ILjava/lang/Object;Ljava/lang/Object;ZZ)Ljava/lang/Object; @ 203
Event: 7.001 Thread 0x00007f978b146800 Uncommon trap: reason=bimorphic action=maybe_recompile pc=0x0000000109e773c8 method=java.util.HashMap.putVal(ILjava/lang/Object;Ljava/lang/Object;ZZ)Ljava/lang/Object; @ 203
Event: 7.019 Thread 0x00007f978b146800 Uncommon trap: reason=unstable_if action=reinterpret pc=0x0000000109ddc2f4 method=java.lang.AbstractStringBuilder.append(Ljava/lang/String;)Ljava/lang/AbstractStringBuilder; @ 1
Event: 7.020 Thread 0x00007f978b146800 Uncommon trap: reason=unstable_if action=reinterpret pc=0x0000000109d30ca8 method=java.lang.AbstractStringBuilder.append(Ljava/lang/String;)Ljava/lang/AbstractStringBuilder; @ 1
Event: 8.094 Thread 0x00007f978b146800 Uncommon trap: reason=unstable_if action=reinterpret pc=0x000000010a143714 method=java.lang.ref.SoftReference.get()Ljava/lang/Object; @ 6
Event: 8.124 Thread 0x00007f978b146800 Uncommon trap: reason=unstable_if action=reinterpret pc=0x0000000109fe6534 method=java.util.WeakHashMap.expungeStaleEntries()V @ 9

Internal exceptions (10 events):
Event: 6.996 Thread 0x00007f978b146800 Exception <a 'java/lang/ClassNotFoundException': javax/swing/JToolBarSeparator> (0x00000007955eee80) thrown at [/HUDSON3/workspace/8-2-build-macosx-x86_64/jdk8u73/6086/hotspot/src/share/vm/classfile/systemDictionary.cpp, line 210]
Event: 6.996 Thread 0x00007f978b146800 Exception <a 'java/lang/ClassNotFoundException': ToolBarSeparator> (0x00000007955ef6e8) thrown at [/HUDSON3/workspace/8-2-build-macosx-x86_64/jdk8u73/6086/hotspot/src/share/vm/classfile/systemDictionary.cpp, line 210]
Event: 6.996 Thread 0x00007f978b146800 Exception <a 'java/lang/ClassNotFoundException': ToolTip> (0x00000007955f01f8) thrown at [/HUDSON3/workspace/8-2-build-macosx-x86_64/jdk8u73/6086/hotspot/src/share/vm/classfile/systemDictionary.cpp, line 210]
Event: 6.997 Thread 0x00007f978b146800 Exception <a 'java/lang/ClassNotFoundException': Tree> (0x00000007955f1168) thrown at [/HUDSON3/workspace/8-2-build-macosx-x86_64/jdk8u73/6086/hotspot/src/share/vm/classfile/systemDictionary.cpp, line 210]
Event: 6.997 Thread 0x00007f978b146800 Exception <a 'java/lang/ClassNotFoundException': Tree> (0x00000007955f1c78) thrown at [/HUDSON3/workspace/8-2-build-macosx-x86_64/jdk8u73/6086/hotspot/src/share/vm/classfile/systemDictionary.cpp, line 210]
Event: 6.997 Thread 0x00007f978b146800 Exception <a 'java/lang/ClassNotFoundException': javax/swing/JTreeCell> (0x00000007955f23c8) thrown at [/HUDSON3/workspace/8-2-build-macosx-x86_64/jdk8u73/6086/hotspot/src/share/vm/classfile/systemDictionary.cpp, line 210]
Event: 6.997 Thread 0x00007f978b146800 Exception <a 'java/lang/ClassNotFoundException': TreeCell> (0x00000007955f2c20) thrown at [/HUDSON3/workspace/8-2-build-macosx-x86_64/jdk8u73/6086/hotspot/src/share/vm/classfile/systemDictionary.cpp, line 210]
Event: 6.997 Thread 0x00007f978b146800 Exception <a 'java/lang/ClassNotFoundException': RootPane> (0x00000007955f3a50) thrown at [/HUDSON3/workspace/8-2-build-macosx-x86_64/jdk8u73/6086/hotspot/src/share/vm/classfile/systemDictionary.cpp, line 210]
Event: 7.019 Thread 0x00007f978b146800 Implicit null exception at 0x0000000109ddbf75 to 0x0000000109ddc2e1
Event: 7.020 Thread 0x00007f978b146800 Implicit null exception at 0x0000000109d30935 to 0x0000000109d30c95

Events (10 events):
Event: 18.033 loading class javafx/application/Application done
Event: 18.058 loading class com/sun/javafx/tk/quantum/QuantumRenderer
Event: 18.058 loading class com/sun/javafx/tk/quantum/QuantumRenderer done
Event: 18.058 loading class com/sun/javafx/tk/quantum/QuantumToolkit
Event: 18.058 loading class com/sun/javafx/tk/quantum/QuantumToolkit done
Event: 18.058 Thread 0x00007f978c066000 Thread exited: 0x00007f978c066000
Event: 18.058 Thread 0x00007f978c0be800 Thread exited: 0x00007f978c0be800
Event: 18.058 Thread 0x00007f978b001000 Thread exited: 0x00007f978b001000
Event: 18.059 Thread 0x00007f978af95000 Thread added: 0x00007f978af95000
Event: 18.059 Thread 0x00007f978b146800 Thread exited: 0x00007f978b146800


Dynamic libraries:
0x000000002d19b000 	/System/Library/Frameworks/Cocoa.framework/Versions/A/Cocoa
0x000000002d19b000 	/System/Library/Frameworks/Security.framework/Versions/A/Security
0x000000002d19b000 	/System/Library/Frameworks/ApplicationServices.framework/Versions/A/ApplicationServices
0x000000002d19b000 	/usr/lib/libz.1.dylib
0x000000002d19b000 	/usr/lib/libSystem.B.dylib
0x000000002d19b000 	/usr/lib/libobjc.A.dylib
0x000000002d19b000 	/System/Library/Frameworks/CoreFoundation.framework/Versions/A/CoreFoundation
0x000000002d19b000 	/System/Library/Frameworks/Foundation.framework/Versions/C/Foundation
0x000000002d19b000 	/System/Library/Frameworks/AppKit.framework/Versions/C/AppKit
0x000000002d19b000 	/System/Library/Frameworks/CoreData.framework/Versions/A/CoreData
0x000000002d19b000 	/System/Library/PrivateFrameworks/RemoteViewServices.framework/Versions/A/RemoteViewServices
0x000000002d19b000 	/System/Library/PrivateFrameworks/UIFoundation.framework/Versions/A/UIFoundation
0x000000002d19b000 	/System/Library/PrivateFrameworks/DFRFoundation.framework/Versions/A/DFRFoundation
0x000000002d19b000 	/usr/lib/libenergytrace.dylib
0x000000002d19b000 	/System/Library/PrivateFrameworks/SkyLight.framework/Versions/A/SkyLight
0x000000002d19b000 	/System/Library/Frameworks/CoreGraphics.framework/Versions/A/CoreGraphics
0x000000002d19b000 	/usr/lib/libScreenReader.dylib
0x000000002d19b000 	/System/Library/Frameworks/Accelerate.framework/Versions/A/Accelerate
0x000000002d19b000 	/System/Library/Frameworks/IOSurface.framework/Versions/A/IOSurface
0x000000002d19b000 	/System/Library/Frameworks/AudioToolbox.framework/Versions/A/AudioToolbox
0x000000002d19b000 	/System/Library/Frameworks/AudioUnit.framework/Versions/A/AudioUnit
0x000000002d19b000 	/System/Library/PrivateFrameworks/DataDetectorsCore.framework/Versions/A/DataDetectorsCore
0x000000002d19b000 	/System/Library/PrivateFrameworks/DesktopServicesPriv.framework/Versions/A/DesktopServicesPriv
0x000000002d19b000 	/System/Library/Frameworks/Carbon.framework/Versions/A/Frameworks/HIToolbox.framework/Versions/A/HIToolbox
0x000000002d19b000 	/usr/lib/libicucore.A.dylib
0x000000002d19b000 	/System/Library/Frameworks/QuartzCore.framework/Versions/A/QuartzCore
0x000000002d19b000 	/System/Library/Frameworks/Carbon.framework/Versions/A/Frameworks/SpeechRecognition.framework/Versions/A/SpeechRecognition
0x000000002d19b000 	/usr/lib/libauto.dylib
0x000000002d19b000 	/usr/lib/libxml2.2.dylib
0x000000002d19b000 	/System/Library/PrivateFrameworks/CoreUI.framework/Versions/A/CoreUI
0x000000002d19b000 	/System/Library/Frameworks/CoreAudio.framework/Versions/A/CoreAudio
0x000000002d19b000 	/System/Library/Frameworks/DiskArbitration.framework/Versions/A/DiskArbitration
0x000000002d19b000 	/usr/lib/liblangid.dylib
0x000000002d19b000 	/System/Library/PrivateFrameworks/MultitouchSupport.framework/Versions/A/MultitouchSupport
0x000000002d19b000 	/System/Library/Frameworks/IOKit.framework/Versions/A/IOKit
0x000000002d19b000 	/usr/lib/libDiagnosticMessagesClient.dylib
0x000000002d19b000 	/System/Library/Frameworks/CoreServices.framework/Versions/A/CoreServices
0x000000002d19b000 	/System/Library/PrivateFrameworks/PerformanceAnalysis.framework/Versions/A/PerformanceAnalysis
0x000000002d19b000 	/System/Library/PrivateFrameworks/GenerationalStorage.framework/Versions/A/GenerationalStorage
0x000000002d19b000 	/System/Library/Frameworks/OpenGL.framework/Versions/A/OpenGL
0x000000002d19b000 	/System/Library/Frameworks/CoreImage.framework/Versions/A/CoreImage
0x000000002d19b000 	/System/Library/Frameworks/CoreText.framework/Versions/A/CoreText
0x000000002d19b000 	/System/Library/Frameworks/ImageIO.framework/Versions/A/ImageIO
0x000000002d19b000 	/System/Library/PrivateFrameworks/Backup.framework/Versions/A/Backup
0x000000002d19b000 	/usr/lib/libarchive.2.dylib
0x000000002d19b000 	/System/Library/Frameworks/CFNetwork.framework/Versions/A/CFNetwork
0x000000002d19b000 	/System/Library/Frameworks/SystemConfiguration.framework/Versions/A/SystemConfiguration
0x000000002d19b000 	/usr/lib/libCRFSuite.dylib
0x000000002d19b000 	/usr/lib/libc++.1.dylib
0x000000002d19b000 	/usr/lib/libc++abi.dylib
0x000000002d19b000 	/usr/lib/system/libcache.dylib
0x000000002d19b000 	/usr/lib/system/libcommonCrypto.dylib
0x000000002d19b000 	/usr/lib/system/libcompiler_rt.dylib
0x000000002d19b000 	/usr/lib/system/libcopyfile.dylib
0x000000002d19b000 	/usr/lib/system/libcorecrypto.dylib
0x000000002d19b000 	/usr/lib/system/libdispatch.dylib
0x000000002d19b000 	/usr/lib/system/libdyld.dylib
0x000000002d19b000 	/usr/lib/system/libkeymgr.dylib
0x000000002d19b000 	/usr/lib/system/liblaunch.dylib
0x000000002d19b000 	/usr/lib/system/libmacho.dylib
0x000000002d19b000 	/usr/lib/system/libquarantine.dylib
0x000000002d19b000 	/usr/lib/system/libremovefile.dylib
0x000000002d19b000 	/usr/lib/system/libsystem_asl.dylib
0x000000002d19b000 	/usr/lib/system/libsystem_blocks.dylib
0x000000002d19b000 	/usr/lib/system/libsystem_c.dylib
0x000000002d19b000 	/usr/lib/system/libsystem_configuration.dylib
0x000000002d19b000 	/usr/lib/system/libsystem_coreservices.dylib
0x000000002d19b000 	/usr/lib/system/libsystem_coretls.dylib
0x000000002d19b000 	/usr/lib/system/libsystem_dnssd.dylib
0x000000002d19b000 	/usr/lib/system/libsystem_info.dylib
0x000000002d19b000 	/usr/lib/system/libsystem_kernel.dylib
0x000000002d19b000 	/usr/lib/system/libsystem_m.dylib
0x000000002d19b000 	/usr/lib/system/libsystem_malloc.dylib
0x000000002d19b000 	/usr/lib/system/libsystem_network.dylib
0x000000002d19b000 	/usr/lib/system/libsystem_networkextension.dylib
0x000000002d19b000 	/usr/lib/system/libsystem_notify.dylib
0x000000002d19b000 	/usr/lib/system/libsystem_platform.dylib
0x000000002d19b000 	/usr/lib/system/libsystem_pthread.dylib
0x000000002d19b000 	/usr/lib/system/libsystem_sandbox.dylib
0x000000002d19b000 	/usr/lib/system/libsystem_secinit.dylib
0x000000002d19b000 	/usr/lib/system/libsystem_symptoms.dylib
0x000000002d19b000 	/usr/lib/system/libsystem_trace.dylib
0x000000002d19b000 	/usr/lib/system/libunwind.dylib
0x000000002d19b000 	/usr/lib/system/libxpc.dylib
0x000000002d19b000 	/usr/lib/libbsm.0.dylib
0x000000002d19b000 	/usr/lib/system/libkxld.dylib
0x000000002d19b000 	/usr/lib/libcoretls.dylib
0x000000002d19b000 	/usr/lib/libcoretls_cfhelpers.dylib
0x000000002d19b000 	/usr/lib/libxar.1.dylib
0x000000002d19b000 	/usr/lib/libsqlite3.dylib
0x000000002d19b000 	/usr/lib/libpam.2.dylib
0x000000002d19b000 	/usr/lib/libOpenScriptingUtil.dylib
0x000000002d19b000 	/usr/lib/libbz2.1.0.dylib
0x000000002d19b000 	/usr/lib/liblzma.5.dylib
0x000000002d19b000 	/usr/lib/libnetwork.dylib
0x000000002d19b000 	/usr/lib/libpcap.A.dylib
0x000000002d19b000 	/System/Library/Frameworks/CoreServices.framework/Versions/A/Frameworks/FSEvents.framework/Versions/A/FSEvents
0x000000002d19b000 	/System/Library/Frameworks/CoreServices.framework/Versions/A/Frameworks/CarbonCore.framework/Versions/A/CarbonCore
0x000000002d19b000 	/System/Library/Frameworks/CoreServices.framework/Versions/A/Frameworks/Metadata.framework/Versions/A/Metadata
0x000000002d19b000 	/System/Library/Frameworks/CoreServices.framework/Versions/A/Frameworks/OSServices.framework/Versions/A/OSServices
0x000000002d19b000 	/System/Library/Frameworks/CoreServices.framework/Versions/A/Frameworks/SearchKit.framework/Versions/A/SearchKit
0x000000002d19b000 	/System/Library/Frameworks/CoreServices.framework/Versions/A/Frameworks/AE.framework/Versions/A/AE
0x000000002d19b000 	/System/Library/Frameworks/CoreServices.framework/Versions/A/Frameworks/LaunchServices.framework/Versions/A/LaunchServices
0x000000002d19b000 	/System/Library/Frameworks/CoreServices.framework/Versions/A/Frameworks/DictionaryServices.framework/Versions/A/DictionaryServices
0x000000002d19b000 	/System/Library/Frameworks/CoreServices.framework/Versions/A/Frameworks/SharedFileList.framework/Versions/A/SharedFileList
0x000000002d19b000 	/System/Library/Frameworks/NetFS.framework/Versions/A/NetFS
0x000000002d19b000 	/System/Library/PrivateFrameworks/NetAuth.framework/Versions/A/NetAuth
0x000000002d19b000 	/System/Library/PrivateFrameworks/login.framework/Versions/A/Frameworks/loginsupport.framework/Versions/A/loginsupport
0x000000002d19b000 	/System/Library/PrivateFrameworks/TCC.framework/Versions/A/TCC
0x000000002d19b000 	/usr/lib/libmecabra.dylib
0x000000002d19b000 	/System/Library/Frameworks/ApplicationServices.framework/Versions/A/Frameworks/ATS.framework/Versions/A/ATS
0x000000002d19b000 	/System/Library/Frameworks/ApplicationServices.framework/Versions/A/Frameworks/ColorSync.framework/Versions/A/ColorSync
0x000000002d19b000 	/System/Library/Frameworks/ApplicationServices.framework/Versions/A/Frameworks/HIServices.framework/Versions/A/HIServices
0x000000002d19b000 	/System/Library/Frameworks/ApplicationServices.framework/Versions/A/Frameworks/LangAnalysis.framework/Versions/A/LangAnalysis
0x000000002d19b000 	/System/Library/Frameworks/ApplicationServices.framework/Versions/A/Frameworks/PrintCore.framework/Versions/A/PrintCore
0x000000002d19b000 	/System/Library/Frameworks/ApplicationServices.framework/Versions/A/Frameworks/QD.framework/Versions/A/QD
0x000000002d19b000 	/System/Library/Frameworks/ApplicationServices.framework/Versions/A/Frameworks/SpeechSynthesis.framework/Versions/A/SpeechSynthesis
0x000000002d19b000 	/System/Library/Frameworks/Accelerate.framework/Versions/A/Frameworks/vImage.framework/Versions/A/vImage
0x000000002d19b000 	/System/Library/Frameworks/Accelerate.framework/Versions/A/Frameworks/vecLib.framework/Versions/A/vecLib
0x000000002d19b000 	/System/Library/Frameworks/Accelerate.framework/Versions/A/Frameworks/vecLib.framework/Versions/A/libvDSP.dylib
0x000000002d19b000 	/System/Library/Frameworks/Accelerate.framework/Versions/A/Frameworks/vecLib.framework/Versions/A/libBNNS.dylib
0x000000002d19b000 	/System/Library/Frameworks/Accelerate.framework/Versions/A/Frameworks/vecLib.framework/Versions/A/libQuadrature.dylib
0x000000002d19b000 	/System/Library/Frameworks/Accelerate.framework/Versions/A/Frameworks/vecLib.framework/Versions/A/libvMisc.dylib
0x000000002d19b000 	/System/Library/Frameworks/Accelerate.framework/Versions/A/Frameworks/vecLib.framework/Versions/A/libLAPACK.dylib
0x000000002d19b000 	/System/Library/Frameworks/Accelerate.framework/Versions/A/Frameworks/vecLib.framework/Versions/A/libBLAS.dylib
0x000000002d19b000 	/System/Library/Frameworks/Accelerate.framework/Versions/A/Frameworks/vecLib.framework/Versions/A/libLinearAlgebra.dylib
0x000000002d19b000 	/System/Library/Frameworks/Accelerate.framework/Versions/A/Frameworks/vecLib.framework/Versions/A/libSparseBLAS.dylib
0x000000002d19b000 	/System/Library/Frameworks/ApplicationServices.framework/Versions/A/Frameworks/ATS.framework/Versions/A/Resources/libFontParser.dylib
0x000000002d19b000 	/System/Library/Frameworks/ApplicationServices.framework/Versions/A/Frameworks/ATS.framework/Versions/A/Resources/libFontRegistry.dylib
0x000000002d19b000 	/System/Library/Frameworks/ImageIO.framework/Versions/A/Resources/libJPEG.dylib
0x000000002d19b000 	/System/Library/Frameworks/ImageIO.framework/Versions/A/Resources/libTIFF.dylib
0x000000002d19b000 	/System/Library/Frameworks/ImageIO.framework/Versions/A/Resources/libPng.dylib
0x000000002d19b000 	/System/Library/Frameworks/ImageIO.framework/Versions/A/Resources/libGIF.dylib
0x000000002d19b000 	/System/Library/Frameworks/ImageIO.framework/Versions/A/Resources/libJP2.dylib
0x000000002d19b000 	/System/Library/Frameworks/ImageIO.framework/Versions/A/Resources/libRadiance.dylib
0x000000002d19b000 	/usr/lib/libcompression.dylib
0x000000002d19b000 	/System/Library/PrivateFrameworks/AppleJPEG.framework/Versions/A/AppleJPEG
0x000000002d19b000 	/usr/lib/libcups.2.dylib
0x000000002d19b000 	/System/Library/Frameworks/Kerberos.framework/Versions/A/Kerberos
0x000000002d19b000 	/System/Library/Frameworks/GSS.framework/Versions/A/GSS
0x000000002d19b000 	/usr/lib/libresolv.9.dylib
0x000000002d19b000 	/usr/lib/libiconv.2.dylib
0x000000002d19b000 	/System/Library/PrivateFrameworks/Heimdal.framework/Versions/A/Heimdal
0x000000002d19b000 	/usr/lib/libheimdal-asn1.dylib
0x000000002d19b000 	/System/Library/Frameworks/OpenDirectory.framework/Versions/A/OpenDirectory
0x000000002d19b000 	/System/Library/PrivateFrameworks/CommonAuth.framework/Versions/A/CommonAuth
0x000000002d19b000 	/System/Library/Frameworks/OpenDirectory.framework/Versions/A/Frameworks/CFOpenDirectory.framework/Versions/A/CFOpenDirectory
0x000000002d19b000 	/System/Library/Frameworks/SecurityFoundation.framework/Versions/A/SecurityFoundation
0x000000002d19b000 	/System/Library/PrivateFrameworks/LanguageModeling.framework/Versions/A/LanguageModeling
0x000000002d19b000 	/usr/lib/libmarisa.dylib
0x000000002d19b000 	/usr/lib/libChineseTokenizer.dylib
0x000000002d19b000 	/usr/lib/libcmph.dylib
0x000000002d19b000 	/System/Library/PrivateFrameworks/CoreEmoji.framework/Versions/A/CoreEmoji
0x000000002d19b000 	/System/Library/Frameworks/ServiceManagement.framework/Versions/A/ServiceManagement
0x000000002d19b000 	/usr/lib/libxslt.1.dylib
0x000000002d19b000 	/System/Library/Frameworks/Carbon.framework/Versions/A/Frameworks/Ink.framework/Versions/A/Ink
0x000000002d19b000 	/System/Library/PrivateFrameworks/TextureIO.framework/Versions/A/TextureIO
0x000000002d19b000 	/System/Library/Frameworks/Metal.framework/Versions/A/Metal
0x000000002d19b000 	/usr/lib/libate.dylib
0x000000002d19b000 	/System/Library/PrivateFrameworks/GPUCompiler.framework/libmetal_timestamp.dylib
0x000000002d19b000 	/System/Library/Frameworks/OpenGL.framework/Versions/A/Libraries/libCoreFSCache.dylib
0x000000002d19b000 	/System/Library/PrivateFrameworks/IOAccelerator.framework/Versions/A/IOAccelerator
0x000000002d19b000 	/System/Library/Frameworks/CoreVideo.framework/Versions/A/CoreVideo
0x000000002d19b000 	/usr/lib/libFosl_dynamic.dylib
0x000000002d19b000 	/System/Library/PrivateFrameworks/MetalPerformanceShaders.framework/Versions/A/MetalPerformanceShaders
0x000000002d19b000 	/System/Library/PrivateFrameworks/FaceCore.framework/Versions/A/FaceCore
0x000000002d19b000 	/System/Library/Frameworks/OpenCL.framework/Versions/A/OpenCL
0x000000002d19b000 	/System/Library/Frameworks/OpenGL.framework/Versions/A/Libraries/libGLU.dylib
0x000000002d19b000 	/System/Library/Frameworks/OpenGL.framework/Versions/A/Libraries/libGFXShared.dylib
0x000000002d19b000 	/System/Library/Frameworks/OpenGL.framework/Versions/A/Libraries/libGL.dylib
0x000000002d19b000 	/System/Library/Frameworks/OpenGL.framework/Versions/A/Libraries/libGLImage.dylib
0x000000002d19b000 	/System/Library/Frameworks/OpenGL.framework/Versions/A/Libraries/libCVMSPluginSupport.dylib
0x000000002d19b000 	/System/Library/Frameworks/OpenGL.framework/Versions/A/Libraries/libCoreVMClient.dylib
0x000000002d19b000 	/System/Library/PrivateFrameworks/CrashReporterSupport.framework/Versions/A/CrashReporterSupport
0x000000002d19b000 	/System/Library/PrivateFrameworks/Sharing.framework/Versions/A/Sharing
0x000000002d19b000 	/System/Library/PrivateFrameworks/IconServices.framework/Versions/A/IconServices
0x000000002d19b000 	/System/Library/PrivateFrameworks/ProtocolBuffer.framework/Versions/A/ProtocolBuffer
0x000000002d19b000 	/System/Library/PrivateFrameworks/Apple80211.framework/Versions/A/Apple80211
0x000000002d19b000 	/System/Library/Frameworks/CoreWLAN.framework/Versions/A/CoreWLAN
0x000000002d19b000 	/System/Library/PrivateFrameworks/CoreUtils.framework/Versions/A/CoreUtils
0x000000002d19b000 	/System/Library/Frameworks/IOBluetooth.framework/Versions/A/IOBluetooth
0x000000002d19b000 	/System/Library/PrivateFrameworks/CoreWiFi.framework/Versions/A/CoreWiFi
0x000000002d19b000 	/System/Library/Frameworks/CoreBluetooth.framework/Versions/A/CoreBluetooth
0x000000002d19b000 	/System/Library/Frameworks/CoreDisplay.framework/Versions/A/CoreDisplay
0x000000002d19b000 	/System/Library/PrivateFrameworks/IOPresentment.framework/Versions/A/IOPresentment
0x000000002d19b000 	/System/Library/PrivateFrameworks/DebugSymbols.framework/Versions/A/DebugSymbols
0x000000002d19b000 	/System/Library/PrivateFrameworks/CoreSymbolication.framework/Versions/A/CoreSymbolication
0x000000002d19b000 	/System/Library/PrivateFrameworks/Symbolication.framework/Versions/A/Symbolication
0x000000002d19b000 	/System/Library/PrivateFrameworks/AppleFSCompression.framework/Versions/A/AppleFSCompression
0x000000002d19b000 	/System/Library/PrivateFrameworks/SpeechRecognitionCore.framework/Versions/A/SpeechRecognitionCore
0x000000002d19b000 	/System/Library/PrivateFrameworks/ChunkingLibrary.framework/Versions/A/ChunkingLibrary
0x0000000103400000 	/Library/Java/JavaVirtualMachines/jdk1.8.0_73.jdk/Contents/Home/jre/lib/server/libjvm.dylib
0x0000000102a18000 	/usr/lib/libstdc++.6.dylib
0x0000000102ad1000 	/Library/Java/JavaVirtualMachines/jdk1.8.0_73.jdk/Contents/Home/jre/lib/libverify.dylib
0x0000000102adf000 	/Library/Java/JavaVirtualMachines/jdk1.8.0_73.jdk/Contents/Home/jre/lib/libjava.dylib
0x0000000102b1e000 	/Library/Java/JavaVirtualMachines/jdk1.8.0_73.jdk/Contents/Home/jre/lib/libzip.dylib
0x0000000119c85000 	/System/Library/Frameworks/JavaVM.framework/Frameworks/JavaRuntimeSupport.framework/JavaRuntimeSupport
0x0000000119c9f000 	/System/Library/Frameworks/JavaVM.framework/Versions/A/Frameworks/JavaNativeFoundation.framework/Versions/A/JavaNativeFoundation
0x0000000119cb4000 	/System/Library/Frameworks/JavaVM.framework/Versions/A/JavaVM
0x000000002d19b000 	/System/Library/Frameworks/Carbon.framework/Versions/A/Carbon
0x0000000119cc1000 	/System/Library/PrivateFrameworks/JavaLaunching.framework/Versions/A/JavaLaunching
0x000000002d19b000 	/System/Library/Frameworks/Carbon.framework/Versions/A/Frameworks/CommonPanels.framework/Versions/A/CommonPanels
0x000000002d19b000 	/System/Library/Frameworks/Carbon.framework/Versions/A/Frameworks/Help.framework/Versions/A/Help
0x000000002d19b000 	/System/Library/Frameworks/Carbon.framework/Versions/A/Frameworks/ImageCapture.framework/Versions/A/ImageCapture
0x000000002d19b000 	/System/Library/Frameworks/Carbon.framework/Versions/A/Frameworks/OpenScripting.framework/Versions/A/OpenScripting
0x000000002d19b000 	/System/Library/Frameworks/Carbon.framework/Versions/A/Frameworks/Print.framework/Versions/A/Print
0x000000002d19b000 	/System/Library/Frameworks/Carbon.framework/Versions/A/Frameworks/SecurityHI.framework/Versions/A/SecurityHI
0x000000011b65b000 	/Library/Java/JavaVirtualMachines/jdk1.8.0_73.jdk/Contents/Home/jre/lib/libprism_es2.dylib
0x000000011b6c0000 	/System/Library/Frameworks/OpenGL.framework/Resources/GLEngine.bundle/GLEngine
0x000000011b8a4000 	/System/Library/Frameworks/OpenGL.framework/Versions/A/Libraries/libGLProgrammability.dylib
0x000000011bcd2000 	/System/Library/Extensions/AppleIntelBDWGraphicsGLDriver.bundle/Contents/MacOS/AppleIntelBDWGraphicsGLDriver
0x000000002d19b000 	/System/Library/PrivateFrameworks/GPUSupport.framework/Versions/A/Libraries/libGPUSupportMercury.dylib
0x000000011c431000 	/System/Library/Frameworks/OpenGL.framework/Resources//GLRendererFloat.bundle/GLRendererFloat
0x000000002d19b000 	/System/Library/Frameworks/OpenCL.framework/Versions/A/Libraries/libcldcpuengine.dylib
0x000000002d19b000 	/usr/lib/libcrypto.0.9.8.dylib
0x000000002d19b000 	/System/Library/PrivateFrameworks/TrustEvaluationAgent.framework/Versions/A/TrustEvaluationAgent
0x000000011c854000 	/Library/Java/JavaVirtualMachines/jdk1.8.0_73.jdk/Contents/Home/jre/lib/libglass.dylib
0x000000002d19b000 	/System/Library/PrivateFrameworks/CoreServicesInternal.framework/Versions/A/CoreServicesInternal
0x000000002d19b000 	/System/Library/CoreServices/RawCamera.bundle/Contents/MacOS/RawCamera
0x000000011ccd7000 	/System/Library/Frameworks/Accelerate.framework/Frameworks/vImage.framework/Versions/A/Libraries/libCGInterfaces.dylib
0x000000002d19b000 	/System/Library/PrivateFrameworks/FamilyControls.framework/Versions/A/FamilyControls
0x000000002d19b000 	/System/Library/PrivateFrameworks/CommerceKit.framework/Versions/A/Frameworks/CommerceCore.framework/Versions/A/CommerceCore
0x000000002d19b000 	/System/Library/PrivateFrameworks/SystemAdministration.framework/Versions/A/SystemAdministration
0x000000002d19b000 	/System/Library/PrivateFrameworks/AppContainer.framework/Versions/A/AppContainer
0x000000002d19b000 	/System/Library/PrivateFrameworks/SecCodeWrapper.framework/Versions/A/SecCodeWrapper
0x000000002d19b000 	/System/Library/Frameworks/DirectoryService.framework/Versions/A/DirectoryService
0x000000002d19b000 	/System/Library/PrivateFrameworks/DiskImages.framework/Versions/A/DiskImages
0x000000002d19b000 	/System/Library/PrivateFrameworks/LoginUIKit.framework/Versions/A/Frameworks/LoginUICore.framework/Versions/A/LoginUICore
0x000000002d19b000 	/usr/lib/libCoreStorage.dylib
0x000000002d19b000 	/usr/lib/libcsfde.dylib
0x000000002d19b000 	/usr/lib/libodfde.dylib
0x000000002d19b000 	/System/Library/Frameworks/DiscRecording.framework/Versions/A/DiscRecording
0x000000002d19b000 	/usr/lib/libcurl.4.dylib
0x000000002d19b000 	/System/Library/PrivateFrameworks/MediaKit.framework/Versions/A/MediaKit
0x000000002d19b000 	/System/Library/PrivateFrameworks/ProtectedCloudStorage.framework/Versions/A/ProtectedCloudStorage
0x000000002d19b000 	/System/Library/PrivateFrameworks/EFILogin.framework/Versions/A/EFILogin
0x000000002d19b000 	/usr/lib/libutil.dylib
0x000000002d19b000 	/System/Library/Frameworks/LDAP.framework/Versions/A/LDAP
0x000000002d19b000 	/usr/lib/libsasl2.2.dylib
0x000000002d19b000 	/System/Library/PrivateFrameworks/CoreDaemon.framework/Versions/B/CoreDaemon
0x000000002d19b000 	/System/Library/PrivateFrameworks/AppleSRP.framework/Versions/A/AppleSRP
0x000000002d19b000 	/System/Library/PrivateFrameworks/APFS.framework/Versions/A/APFS
0x000000011cd8e000 	/Library/Java/JavaVirtualMachines/jdk1.8.0_73.jdk/Contents/Home/jre/lib/libjavafx_font.dylib
0x000000002d19b000 	/System/Library/Frameworks/ApplicationServices.framework/Versions/A/Frameworks/ATS.framework/Versions/A/Resources/libTrueTypeScaler.dylib
0x0000000120093000 	/Library/Java/JavaVirtualMachines/jdk1.8.0_73.jdk/Contents/Home/jre/lib/libjavafx_iio.dylib
0x00000001200d1000 	/Library/Java/JavaVirtualMachines/jdk1.8.0_73.jdk/Contents/Home/jre/lib/libnio.dylib
0x00000001200e1000 	/Library/Java/JavaVirtualMachines/jdk1.8.0_73.jdk/Contents/Home/jre/lib/./libnet.dylib
0x0000000120411000 	/Users/josepablocruzbaas/.jssc/mac_os_x/libjSSC-2.7_x86_64.jnilib
0x00000001240ff000 	/System/Library/Extensions/AppleIntelBDWGraphicsMTLDriver.bundle/Contents/MacOS/AppleIntelBDWGraphicsMTLDriver
0x000000002d19b000 	/System/Library/PrivateFrameworks/ViewBridge.framework/Versions/A/ViewBridge
0x000000002d19b000 	/System/Library/PrivateFrameworks/XPCService.framework/Versions/A/XPCService
0x000000002d19b000 	/System/Library/PrivateFrameworks/AppSandbox.framework/Versions/A/AppSandbox
0x000000002d19b000 	/usr/lib/libsandbox.1.dylib
0x000000002d19b000 	/usr/lib/libMatch.1.dylib
0x000000011f8c2000 	/Library/Java/JavaVirtualMachines/jdk1.8.0_73.jdk/Contents/Home/jre/lib/libprism_common.dylib
0x000000012903f000 	/Library/Java/JavaVirtualMachines/jdk1.8.0_73.jdk/Contents/Home/jre/lib/libawt.dylib
0x00000001290e7000 	/Library/Java/JavaVirtualMachines/jdk1.8.0_73.jdk/Contents/Home/jre/lib/./libmlib_image.dylib
0x00000001291b3000 	/Library/Java/JavaVirtualMachines/jdk1.8.0_73.jdk/Contents/Home/jre/lib/libawt_lwawt.dylib
0x0000000121059000 	/Library/Java/JavaVirtualMachines/jdk1.8.0_73.jdk/Contents/Home/jre/lib/./libosxapp.dylib
0x000000002d19b000 	/System/Library/Frameworks/ExceptionHandling.framework/Versions/A/ExceptionHandling
0x0000000129468000 	/Library/Java/JavaVirtualMachines/jdk1.8.0_73.jdk/Contents/Home/jre/lib/libfontmanager.dylib
0x0000000120643000 	/Library/Java/JavaVirtualMachines/jdk1.8.0_73.jdk/Contents/Home/jre/lib/libosxui.dylib
0x0000000128702000 	/Library/Java/JavaVirtualMachines/jdk1.8.0_73.jdk/Contents/Home/jre/lib/libdcpr.dylib

VM Arguments:
jvm_args: -Dfile.encoding=UTF-8 
java_command: /Users/josepablocruzbaas/NetBeansProjects/Tablero_Pj1/dist/run1313737409/Tablero_Pj1.jar
java_class_path (initial): /Users/josepablocruzbaas/NetBeansProjects/Tablero_Pj1/dist/run1313737409/Tablero_Pj1.jar
Launcher Type: SUN_STANDARD

Environment Variables:
PATH=/usr/bin:/bin:/usr/sbin:/sbin
LD_LIBRARY_PATH=/Library/Java/JavaVirtualMachines/jdk1.8.0_73.jdk/Contents/Home/jre/lib/amd64:/Library/Java/JavaVirtualMachines/jdk1.8.0_73.jdk/Contents/Home/jre/lib/i386:
SHELL=/bin/bash
DISPLAY=/private/tmp/com.apple.launchd.hmXVFuPeIJ/org.macosforge.xquartz:0

Signal Handlers:
SIGSEGV: [libjvm.dylib+0x5a71a5], sa_mask[0]=11111111011111110111111111111111, sa_flags=SA_ONSTACK|SA_RESTART|SA_SIGINFO
SIGBUS: [libjvm.dylib+0x5a71a5], sa_mask[0]=11111111011111110111111111111111, sa_flags=SA_RESTART|SA_SIGINFO
SIGFPE: [libjvm.dylib+0x480eb4], sa_mask[0]=11111111011111110111111111111111, sa_flags=SA_RESTART|SA_SIGINFO
SIGPIPE: [libjvm.dylib+0x480eb4], sa_mask[0]=11111111011111110111111111111111, sa_flags=SA_RESTART|SA_SIGINFO
SIGXFSZ: [libjvm.dylib+0x480eb4], sa_mask[0]=11111111011111110111111111111111, sa_flags=SA_RESTART|SA_SIGINFO
SIGILL: [libjvm.dylib+0x480eb4], sa_mask[0]=11111111011111110111111111111111, sa_flags=SA_RESTART|SA_SIGINFO
SIGUSR1: SIG_DFL, sa_mask[0]=00000000000000000000000000000000, sa_flags=none
SIGUSR2: [libjvm.dylib+0x4809d2], sa_mask[0]=00100000000000000000000000000000, sa_flags=SA_RESTART|SA_SIGINFO
SIGHUP: [libjvm.dylib+0x47efa9], sa_mask[0]=11111111011111110111111111111111, sa_flags=SA_RESTART|SA_SIGINFO
SIGINT: SIG_IGN, sa_mask[0]=00000000000000000000000000000000, sa_flags=none
SIGTERM: [libjvm.dylib+0x47efa9], sa_mask[0]=11111111011111110111111111111111, sa_flags=SA_RESTART|SA_SIGINFO
SIGQUIT: [libjvm.dylib+0x47efa9], sa_mask[0]=11111111011111110111111111111111, sa_flags=SA_RESTART|SA_SIGINFO


---------------  S Y S T E M  ---------------

OS:Bsduname:Darwin 16.3.0 Darwin Kernel Version 16.3.0: Thu Nov 17 20:23:58 PST 2016; root:xnu-3789.31.2~1/RELEASE_X86_64 x86_64
rlimit: STACK 8192k, CORE 0k, NPROC 709, NOFILE 10240, AS infinity
load average:2.90 2.02 1.85

CPU:total 4 (2 cores per cpu, 2 threads per core) family 6 model 61 stepping 4, cmov, cx8, fxsr, mmx, sse, sse2, sse3, ssse3, sse4.1, sse4.2, popcnt, avx, avx2, aes, clmul, erms, 3dnowpref, lzcnt, ht, tsc, tscinvbit, bmi1, bmi2, adx

Memory: 4k page, physical 8388608k(262096k free)

/proc/meminfo:


vm_info: Java HotSpot(TM) 64-Bit Server VM (25.73-b02) for bsd-amd64 JRE (1.8.0_73-b02), built on Jan 29 2016 15:02:00 by "java_re" with gcc 4.2.1 (Based on Apple Inc. build 5658) (LLVM build 2336.11.00)

time: Mon Jan 23 01:13:26 2017
elapsed time: 18 seconds (0d 0h 0m 18s)

